<?xml version="1.0" encoding="UTF-8"?>
<!-- Generated by org.testng.reporters.JUnitReportReporter -->
<testsuite skipped="0" hostname="DESKTOP-J8M5D5L" name="com.testng.Time_Out_Concept" tests="1" failures="0" timestamp="2022-06-28T15:30:56 IST" time="0.016" errors="0">
  <testcase name="login" time="0.016" classname="com.testng.Time_Out_Concept"/>
  <system-out/>
</testsuite> <!-- com.testng.Time_Out_Concept -->
