<?xml version="1.0" encoding="UTF-8"?>
<!-- Generated by org.testng.reporters.JUnitReportReporter -->
<testsuite skipped="0" hostname="DESKTOP-J8M5D5L" name="com.testng.Dependency" tests="6" failures="0" timestamp="2022-06-28T15:26:03 IST" time="0.019" errors="0">
  <testcase name="seventh" time="0.010" classname="com.testng.Dependency"/>
  <system-out/>
  <testcase name="eighth" time="0.002" classname="com.testng.Dependency"/>
  <system-out/>
  <testcase name="tenth" time="0.001" classname="com.testng.Dependency"/>
  <system-out/>
  <testcase name="ninth" time="0.001" classname="com.testng.Dependency"/>
  <system-out/>
  <testcase name="twelfth" time="0.002" classname="com.testng.Dependency"/>
  <system-out/>
  <testcase name="eleventh" time="0.003" classname="com.testng.Dependency"/>
  <system-out/>
</testsuite> <!-- com.testng.Dependency -->
