<?xml version="1.0" encoding="UTF-8"?>
<!-- Generated by org.testng.reporters.JUnitReportReporter -->
<testsuite skipped="0" hostname="DESKTOP-J8M5D5L" name="com.testng.Dataprovider_Concept" tests="3" failures="0" timestamp="2022-06-30T13:37:11 IST" time="0.014" errors="0">
  <testcase name="details" time="0.003" classname="com.testng.Dataprovider_Concept"/>
  <system-out/>
  <testcase name="details" time="0.009" classname="com.testng.Dataprovider_Concept"/>
  <system-out/>
  <testcase name="details" time="0.002" classname="com.testng.Dataprovider_Concept"/>
  <system-out/>
</testsuite> <!-- com.testng.Dataprovider_Concept -->
