<?xml version="1.0" encoding="UTF-8"?>
<!-- Generated by org.testng.reporters.JUnitReportReporter -->
<testsuite skipped="1" hostname="DESKTOP-J8M5D5L" name="com.testng.Ignore_Concept" tests="6" failures="0" timestamp="2022-06-29T17:47:19 IST" time="0.022" errors="0">
  <testcase name="gingerTea" time="0.002" classname="com.testng.Ignore_Concept"/>
  <system-out/>
  <testcase name="lemonTea" time="0.004" classname="com.testng.Ignore_Concept"/>
  <system-out/>
  <testcase name="blackCoffee" time="0.011" classname="com.testng.Ignore_Concept"/>
  <system-out/>
  <testcase name="pepsi" time="0.002" classname="com.testng.Ignore_Concept"/>
  <system-out/>
  <testcase name="filterCoffee" time="0.003" classname="com.testng.Ignore_Concept"/>
  <system-out/>
  <testcase name="fanta" classname="com.testng.Ignore_Concept">
    <skipped/>
  </testcase> <!-- fanta -->
  <system-out/>
</testsuite> <!-- com.testng.Ignore_Concept -->
