<?xml version="1.0" encoding="UTF-8"?>
<!-- Generated by org.testng.reporters.JUnitReportReporter -->
<testsuite skipped="0" hostname="DESKTOP-J8M5D5L" name="com.testng.Parameterized_Concept" tests="1" failures="0" timestamp="2022-06-29T17:55:50 IST" time="0.012" errors="0">
  <testcase name="login1" time="0.012" classname="com.testng.Parameterized_Concept"/>
  <system-out/>
</testsuite> <!-- com.testng.Parameterized_Concept -->
