<?xml version="1.0" encoding="UTF-8"?>
<!-- Generated by org.testng.reporters.JUnitReportReporter -->
<testsuite skipped="0" hostname="DESKTOP-J8M5D5L" name="com.testng.Demo" tests="2" failures="0" timestamp="2022-07-04T16:22:07 IST" time="0.019" errors="0">
  <testcase name="demoUsername" time="0.003" classname="com.testng.Demo"/>
  <system-out/>
  <testcase name="demoPassword" time="0.016" classname="com.testng.Demo"/>
  <system-out/>
</testsuite> <!-- com.testng.Demo -->
