<?xml version="1.0" encoding="UTF-8"?>
<!-- Generated by org.testng.reporters.JUnitReportReporter -->
<testsuite skipped="0" hostname="DESKTOP-J8M5D5L" name="com.testng.Parallel_Concept" tests="2" failures="0" timestamp="2022-06-30T15:05:51 IST" time="0.028" errors="0">
  <testcase name="instagram" time="0.014" classname="com.testng.Parallel_Concept"/>
  <system-out/>
  <testcase name="facebook" time="0.014" classname="com.testng.Parallel_Concept"/>
  <system-out/>
</testsuite> <!-- com.testng.Parallel_Concept -->
