<?xml version="1.0" encoding="UTF-8"?>
<!-- Generated by org.testng.reporters.JUnitReportReporter -->
<testsuite skipped="0" hostname="DESKTOP-J8M5D5L" name="com.testng.Simple_Annotaion" tests="4" failures="0" timestamp="2022-06-23T13:18:38 IST" time="0.024" errors="0">
  <testcase name="fb" time="0.011" classname="com.testng.Simple_Annotaion"/>
  <system-out/>
  <testcase name="insta" time="0.006" classname="com.testng.Simple_Annotaion"/>
  <system-out/>
  <testcase name="insta" time="0.003" classname="com.testng.Simple_Annotaion"/>
  <system-out/>
  <testcase name="yt" time="0.004" classname="com.testng.Simple_Annotaion"/>
  <system-out/>
</testsuite> <!-- com.testng.Simple_Annotaion -->
