<?xml version="1.0" encoding="UTF-8"?>
<!-- Generated by org.testng.reporters.JUnitReportReporter -->
<testsuite skipped="0" hostname="DESKTOP-J8M5D5L" name="com.testng.Hard_Assert_Concept" tests="1" failures="0" timestamp="2022-06-30T20:42:40 IST" time="0.018" errors="0">
  <testcase name="demo" time="0.018" classname="com.testng.Hard_Assert_Concept"/>
  <system-out/>
</testsuite> <!-- com.testng.Hard_Assert_Concept -->
