<?xml version="1.0" encoding="UTF-8"?>
<!-- Generated by org.testng.reporters.JUnitReportReporter -->
<testsuite skipped="0" hostname="DESKTOP-J8M5D5L" name="com.testng.Expected_Exception" tests="1" failures="0" timestamp="2022-06-28T15:45:57 IST" time="0.010" errors="0">
  <testcase name="login" time="0.010" classname="com.testng.Expected_Exception"/>
  <system-out/>
</testsuite> <!-- com.testng.Expected_Exception -->
